[debug] [2025-08-12T01:14:44.117Z] > command requires scopes: ["email","openid","https://www.googleapis.com/auth/cloudplatformprojects.readonly","https://www.googleapis.com/auth/firebase","https://www.googleapis.com/auth/cloud-platform"]
[debug] [2025-08-12T01:14:44.119Z] > authorizing via signed-in user (mahoro.jeanmarc@gmail.com)
[debug] [2025-08-12T01:15:15.560Z] > command requires scopes: ["email","openid","https://www.googleapis.com/auth/cloudplatformprojects.readonly","https://www.googleapis.com/auth/firebase","https://www.googleapis.com/auth/cloud-platform"]
[debug] [2025-08-12T01:15:15.563Z] > authorizing via signed-in user (mahoro.jeanmarc@gmail.com)
[debug] [2025-08-12T01:16:47.122Z] > command requires scopes: ["email","openid","https://www.googleapis.com/auth/cloudplatformprojects.readonly","https://www.googleapis.com/auth/firebase","https://www.googleapis.com/auth/cloud-platform"]
[debug] [2025-08-12T01:16:47.124Z] > authorizing via signed-in user (mahoro.jeanmarc@gmail.com)
[debug] [2025-08-12T01:16:47.126Z] Checked if tokens are valid: true, expires at: 1754964855540
[debug] [2025-08-12T01:16:47.126Z] Checked if tokens are valid: true, expires at: 1754964855540
[debug] [2025-08-12T01:16:47.128Z] >>> [apiv2][query] GET https://firebase.googleapis.com/v1beta1/projects pageSize=1000
[debug] [2025-08-12T01:16:47.814Z] <<< [apiv2][status] GET https://firebase.googleapis.com/v1beta1/projects 200
[debug] [2025-08-12T01:16:47.814Z] <<< [apiv2][body] GET https://firebase.googleapis.com/v1beta1/projects [omitted]
[debug] [2025-08-12T01:17:23.319Z] > command requires scopes: ["email","openid","https://www.googleapis.com/auth/cloudplatformprojects.readonly","https://www.googleapis.com/auth/firebase","https://www.googleapis.com/auth/cloud-platform"]
[debug] [2025-08-12T01:17:23.319Z] > authorizing via signed-in user (mahoro.jeanmarc@gmail.com)
[debug] [2025-08-12T01:17:23.320Z] Checked if tokens are valid: true, expires at: 1754964855540
[debug] [2025-08-12T01:17:23.320Z] Checked if tokens are valid: true, expires at: 1754964855540
[debug] [2025-08-12T01:17:23.320Z] >>> [apiv2][query] GET https://serviceusage.googleapis.com/v1/projects/omni-ai-8d5d2/services/cloudresourcemanager.googleapis.com [none]
[debug] [2025-08-12T01:17:23.320Z] >>> [apiv2][(partial)header] GET https://serviceusage.googleapis.com/v1/projects/omni-ai-8d5d2/services/cloudresourcemanager.googleapis.com x-goog-quota-user=projects/omni-ai-8d5d2
[debug] [2025-08-12T01:17:23.813Z] <<< [apiv2][status] GET https://serviceusage.googleapis.com/v1/projects/omni-ai-8d5d2/services/cloudresourcemanager.googleapis.com 200
[debug] [2025-08-12T01:17:23.813Z] <<< [apiv2][body] GET https://serviceusage.googleapis.com/v1/projects/omni-ai-8d5d2/services/cloudresourcemanager.googleapis.com [omitted]
[debug] [2025-08-12T01:17:23.824Z] Checked if tokens are valid: true, expires at: 1754964855540
[debug] [2025-08-12T01:17:23.824Z] Checked if tokens are valid: true, expires at: 1754964855540
[debug] [2025-08-12T01:17:23.824Z] >>> [apiv2][query] GET https://cloudresourcemanager.googleapis.com/v1/projects/omni-ai-8d5d2 [none]
[debug] [2025-08-12T01:17:24.169Z] <<< [apiv2][status] GET https://cloudresourcemanager.googleapis.com/v1/projects/omni-ai-8d5d2 200
[debug] [2025-08-12T01:17:24.170Z] <<< [apiv2][body] GET https://cloudresourcemanager.googleapis.com/v1/projects/omni-ai-8d5d2 {"projectNumber":"487695330159","projectId":"omni-ai-8d5d2","lifecycleState":"ACTIVE","name":"Omni AI","labels":{"firebase":"enabled","firebase-core":"disabled"},"createTime":"2025-04-20T12:01:09.146965Z"}
[info] Now using project omni-ai-8d5d2
[debug] [2025-08-12T01:36:51.543Z] > command requires scopes: ["email","openid","https://www.googleapis.com/auth/cloudplatformprojects.readonly","https://www.googleapis.com/auth/firebase","https://www.googleapis.com/auth/cloud-platform"]
[debug] [2025-08-12T01:36:51.545Z] > authorizing via signed-in user (mahoro.jeanmarc@gmail.com)
